<?xml version="1.0" encoding="UTF-8"?>
<coverage generated="1774111169217" clover="3.2.0">
  <project timestamp="1774111169217" name="All files">
    <metrics statements="161" coveredstatements="156" conditionals="66" coveredconditionals="63" methods="65" coveredmethods="63" elements="292" coveredelements="282" complexity="0" loc="161" ncloc="161" packages="3" files="15" classes="15"/>
    <package name="2452-idle">
      <metrics statements="0" coveredstatements="0" conditionals="0" coveredconditionals="0" methods="0" coveredmethods="0"/>
      <file name="create-tables.sql" path="C:\UofM\01. Current Courses\04. Soft Dev 2\2452-idle\create-tables.sql">
        <metrics statements="0" coveredstatements="0" conditionals="0" coveredconditionals="0" methods="0" coveredmethods="0"/>
      </file>
    </package>
    <package name="2452-idle.src">
      <metrics statements="3" coveredstatements="3" conditionals="2" coveredconditionals="2" methods="2" coveredmethods="2"/>
      <file name="assertion.ts" path="C:\UofM\01. Current Courses\04. Soft Dev 2\2452-idle\src\assertion.ts">
        <metrics statements="3" coveredstatements="3" conditionals="2" coveredconditionals="2" methods="2" coveredmethods="2"/>
        <line num="2" count="2564" type="cond" truecount="2" falsecount="0"/>
        <line num="3" count="1" type="stmt"/>
        <line num="9" count="1" type="stmt"/>
      </file>
    </package>
    <package name="2452-idle.src.model">
      <metrics statements="158" coveredstatements="153" conditionals="64" coveredconditionals="61" methods="63" coveredmethods="61"/>
      <file name="axe.ts" path="C:\UofM\01. Current Courses\04. Soft Dev 2\2452-idle\src\model\axe.ts">
        <metrics statements="6" coveredstatements="6" conditionals="4" coveredconditionals="4" methods="3" coveredmethods="3"/>
        <line num="5" count="2" type="stmt"/>
        <line num="11" count="29" type="stmt"/>
        <line num="12" count="29" type="stmt"/>
        <line num="16" count="58" type="stmt"/>
        <line num="20" count="17" type="stmt"/>
        <line num="23" count="2" type="stmt"/>
      </file>
      <file name="beaver.ts" path="C:\UofM\01. Current Courses\04. Soft Dev 2\2452-idle\src\model\beaver.ts">
        <metrics statements="6" coveredstatements="6" conditionals="5" coveredconditionals="5" methods="3" coveredmethods="3"/>
        <line num="5" count="1" type="stmt"/>
        <line num="11" count="12" type="stmt"/>
        <line num="12" count="12" type="stmt"/>
        <line num="16" count="24" type="stmt"/>
        <line num="20" count="14" type="stmt"/>
        <line num="23" count="1" type="stmt"/>
      </file>
      <file name="chainsaw.ts" path="C:\UofM\01. Current Courses\04. Soft Dev 2\2452-idle\src\model\chainsaw.ts">
        <metrics statements="6" coveredstatements="6" conditionals="4" coveredconditionals="4" methods="3" coveredmethods="3"/>
        <line num="5" count="1" type="stmt"/>
        <line num="11" count="12" type="stmt"/>
        <line num="12" count="12" type="stmt"/>
        <line num="16" count="24" type="stmt"/>
        <line num="20" count="15" type="stmt"/>
        <line num="23" count="1" type="stmt"/>
      </file>
      <file name="connection.ts" path="C:\UofM\01. Current Courses\04. Soft Dev 2\2452-idle\src\model\connection.ts">
        <metrics statements="5" coveredstatements="4" conditionals="2" coveredconditionals="1" methods="1" coveredmethods="1"/>
        <line num="7" count="2" type="stmt"/>
        <line num="13" count="2" type="stmt"/>
        <line num="16" count="2" type="cond" truecount="1" falsecount="1"/>
        <line num="17" count="0" type="stmt"/>
        <line num="21" count="73" type="stmt"/>
      </file>
      <file name="godzilla.ts" path="C:\UofM\01. Current Courses\04. Soft Dev 2\2452-idle\src\model\godzilla.ts">
        <metrics statements="6" coveredstatements="6" conditionals="5" coveredconditionals="5" methods="3" coveredmethods="3"/>
        <line num="5" count="1" type="stmt"/>
        <line num="11" count="12" type="stmt"/>
        <line num="12" count="12" type="stmt"/>
        <line num="16" count="24" type="stmt"/>
        <line num="20" count="14" type="stmt"/>
        <line num="23" count="1" type="stmt"/>
      </file>
      <file name="helicopter.ts" path="C:\UofM\01. Current Courses\04. Soft Dev 2\2452-idle\src\model\helicopter.ts">
        <metrics statements="6" coveredstatements="6" conditionals="4" coveredconditionals="4" methods="3" coveredmethods="3"/>
        <line num="5" count="1" type="stmt"/>
        <line num="11" count="10" type="stmt"/>
        <line num="12" count="10" type="stmt"/>
        <line num="16" count="20" type="stmt"/>
        <line num="20" count="14" type="stmt"/>
        <line num="23" count="1" type="stmt"/>
      </file>
      <file name="item.ts" path="C:\UofM\01. Current Courses\04. Soft Dev 2\2452-idle\src\model\item.ts">
        <metrics statements="35" coveredstatements="35" conditionals="7" coveredconditionals="7" methods="11" coveredmethods="11"/>
        <line num="16" count="2" type="stmt"/>
        <line num="17" count="2" type="stmt"/>
        <line num="24" count="156" type="stmt"/>
        <line num="25" count="156" type="stmt"/>
        <line num="26" count="156" type="stmt"/>
        <line num="27" count="156" type="stmt"/>
        <line num="28" count="156" type="stmt"/>
        <line num="29" count="156" type="stmt"/>
        <line num="30" count="156" type="stmt"/>
        <line num="32" count="156" type="stmt"/>
        <line num="36" count="288" type="stmt"/>
        <line num="37" count="288" type="stmt"/>
        <line num="38" count="288" type="stmt"/>
        <line num="39" count="288" type="stmt"/>
        <line num="40" count="288" type="stmt"/>
        <line num="41" count="288" type="stmt"/>
        <line num="45" count="11" type="stmt"/>
        <line num="48" count="82" type="stmt"/>
        <line num="52" count="52" type="stmt"/>
        <line num="56" count="23" type="stmt"/>
        <line num="62" count="69" type="stmt"/>
        <line num="66" count="101" type="stmt"/>
        <line num="70" count="39" type="stmt"/>
        <line num="76" count="15" type="stmt"/>
        <line num="91" count="15" type="stmt"/>
        <line num="93" count="15" type="stmt"/>
        <line num="94" count="24" type="stmt"/>
        <line num="95" count="24" type="stmt"/>
        <line num="96" count="24" type="stmt"/>
        <line num="99" count="15" type="stmt"/>
        <line num="103" count="21" type="stmt"/>
        <line num="105" count="21" type="stmt"/>
        <line num="111" count="21" type="cond" truecount="2" falsecount="0"/>
        <line num="113" count="10" type="stmt"/>
        <line num="118" count="11" type="stmt"/>
      </file>
      <file name="lumberjack.ts" path="C:\UofM\01. Current Courses\04. Soft Dev 2\2452-idle\src\model\lumberjack.ts">
        <metrics statements="6" coveredstatements="6" conditionals="5" coveredconditionals="5" methods="3" coveredmethods="3"/>
        <line num="5" count="1" type="stmt"/>
        <line num="11" count="11" type="stmt"/>
        <line num="12" count="11" type="stmt"/>
        <line num="16" count="22" type="stmt"/>
        <line num="20" count="14" type="stmt"/>
        <line num="23" count="1" type="stmt"/>
      </file>
      <file name="paulbunyan.ts" path="C:\UofM\01. Current Courses\04. Soft Dev 2\2452-idle\src\model\paulbunyan.ts">
        <metrics statements="6" coveredstatements="6" conditionals="5" coveredconditionals="5" methods="3" coveredmethods="3"/>
        <line num="5" count="1" type="stmt"/>
        <line num="11" count="11" type="stmt"/>
        <line num="12" count="11" type="stmt"/>
        <line num="16" count="22" type="stmt"/>
        <line num="20" count="14" type="stmt"/>
        <line num="23" count="1" type="stmt"/>
      </file>
      <file name="player.ts" path="C:\UofM\01. Current Courses\04. Soft Dev 2\2452-idle\src\model\player.ts">
        <metrics statements="58" coveredstatements="54" conditionals="10" coveredconditionals="8" methods="21" coveredmethods="19"/>
        <line num="10" count="112" type="stmt"/>
        <line num="12" count="112" type="stmt"/>
        <line num="15" count="112" type="stmt"/>
        <line num="20" count="112" type="stmt"/>
        <line num="21" count="112" type="stmt"/>
        <line num="23" count="112" type="cond" truecount="2" falsecount="0"/>
        <line num="25" count="112" type="cond" truecount="2" falsecount="0"/>
        <line num="26" count="1" type="stmt"/>
        <line num="28" count="111" type="cond" truecount="1" falsecount="1"/>
        <line num="29" count="0" type="stmt"/>
        <line num="32" count="111" type="stmt"/>
        <line num="36" count="3" type="stmt"/>
        <line num="39" count="3" type="stmt"/>
        <line num="41" count="3" type="stmt"/>
        <line num="42" count="12" type="stmt"/>
        <line num="43" count="12" type="stmt"/>
        <line num="44" count="12" type="stmt"/>
        <line num="45" count="12" type="stmt"/>
        <line num="48" count="3" type="stmt"/>
        <line num="54" count="9" type="stmt"/>
        <line num="61" count="9" type="stmt"/>
        <line num="62" count="9" type="stmt"/>
        <line num="63" count="0" type="stmt"/>
        <line num="67" count="9" type="stmt"/>
        <line num="69" count="9" type="stmt"/>
        <line num="73" count="9" type="stmt"/>
        <line num="74" count="9" type="stmt"/>
        <line num="78" count="2" type="stmt"/>
        <line num="82" count="2" type="stmt"/>
        <line num="86" count="138" type="stmt"/>
        <line num="87" count="138" type="stmt"/>
        <line num="88" count="138" type="stmt"/>
        <line num="89" count="138" type="stmt"/>
        <line num="90" count="138" type="stmt"/>
        <line num="91" count="138" type="stmt"/>
        <line num="92" count="138" type="stmt"/>
        <line num="100" count="5" type="stmt"/>
        <line num="106" count="0" type="stmt"/>
        <line num="110" count="9" type="stmt"/>
        <line num="115" count="10" type="cond" truecount="2" falsecount="0"/>
        <line num="116" count="6" type="stmt"/>
        <line num="118" count="6" type="cond" truecount="1" falsecount="1"/>
        <line num="120" count="6" type="stmt"/>
        <line num="123" count="6" type="stmt"/>
        <line num="125" count="6" type="stmt"/>
        <line num="129" count="10" type="stmt"/>
        <line num="133" count="4" type="stmt"/>
        <line num="135" count="3" type="stmt"/>
        <line num="139" count="18" type="stmt"/>
        <line num="140" count="18" type="stmt"/>
        <line num="142" count="18" type="stmt"/>
        <line num="146" count="2" type="stmt"/>
        <line num="150" count="12" type="stmt"/>
        <line num="154" count="4" type="stmt"/>
        <line num="158" count="60" type="stmt"/>
        <line num="162" count="0" type="stmt"/>
        <line num="167" count="27" type="stmt"/>
        <line num="168" count="5" type="stmt"/>
      </file>
      <file name="ponsse.ts" path="C:\UofM\01. Current Courses\04. Soft Dev 2\2452-idle\src\model\ponsse.ts">
        <metrics statements="6" coveredstatements="6" conditionals="4" coveredconditionals="4" methods="3" coveredmethods="3"/>
        <line num="5" count="1" type="stmt"/>
        <line num="11" count="10" type="stmt"/>
        <line num="12" count="10" type="stmt"/>
        <line num="16" count="20" type="stmt"/>
        <line num="20" count="14" type="stmt"/>
        <line num="23" count="1" type="stmt"/>
      </file>
      <file name="twomansaw.ts" path="C:\UofM\01. Current Courses\04. Soft Dev 2\2452-idle\src\model\twomansaw.ts">
        <metrics statements="6" coveredstatements="6" conditionals="4" coveredconditionals="4" methods="3" coveredmethods="3"/>
        <line num="5" count="1" type="stmt"/>
        <line num="10" count="13" type="stmt"/>
        <line num="11" count="13" type="stmt"/>
        <line num="15" count="26" type="stmt"/>
        <line num="19" count="15" type="stmt"/>
        <line num="22" count="1" type="stmt"/>
      </file>
      <file name="woodpecker.ts" path="C:\UofM\01. Current Courses\04. Soft Dev 2\2452-idle\src\model\woodpecker.ts">
        <metrics statements="6" coveredstatements="6" conditionals="5" coveredconditionals="5" methods="3" coveredmethods="3"/>
        <line num="5" count="1" type="stmt"/>
        <line num="11" count="12" type="stmt"/>
        <line num="12" count="12" type="stmt"/>
        <line num="16" count="24" type="stmt"/>
        <line num="20" count="14" type="stmt"/>
        <line num="23" count="1" type="stmt"/>
      </file>
    </package>
  </project>
</coverage>
