{"C:\\UofM\\01. Current Courses\\04. Soft Dev 2\\2452-idle\\create-tables.sql": {"path":"C:\\UofM\\01. Current Courses\\04. Soft Dev 2\\2452-idle\\create-tables.sql","statementMap":{},"fnMap":{},"branchMap":{},"s":{},"f":{},"b":{},"meta":{"lastBranch":0,"lastFunction":0,"lastStatement":0,"seen":{}}}
,"C:\\UofM\\01. Current Courses\\04. Soft Dev 2\\2452-idle\\src\\assertion.ts": {"path":"C:\\UofM\\01. Current Courses\\04. Soft Dev 2\\2452-idle\\src\\assertion.ts","statementMap":{"0":{"start":{"line":2,"column":4},"end":{"line":4,"column":null}},"1":{"start":{"line":3,"column":8},"end":{"line":3,"column":null}},"2":{"start":{"line":9,"column":8},"end":{"line":9,"column":null}}},"fnMap":{"0":{"name":"assert","decl":{"start":{"line":1,"column":24},"end":{"line":1,"column":31}},"loc":{"start":{"line":1,"column":72},"end":{"line":5,"column":null}},"line":1},"1":{"name":"(anonymous_1)","decl":{"start":{"line":8,"column":4},"end":{"line":8,"column":16}},"loc":{"start":{"line":8,"column":33},"end":{"line":10,"column":null}},"line":8}},"branchMap":{"0":{"loc":{"start":{"line":2,"column":4},"end":{"line":4,"column":null}},"type":"if","locations":[{"start":{"line":2,"column":4},"end":{"line":4,"column":null}},{"start":{},"end":{}}],"line":2}},"s":{"0":2564,"1":1,"2":1},"f":{"0":2564,"1":1},"b":{"0":[1,2563]},"meta":{"lastBranch":1,"lastFunction":2,"lastStatement":3,"seen":{"f:1:24:1:31":0,"b:2:4:4:Infinity:undefined:undefined:undefined:undefined":0,"s:2:4:4:Infinity":0,"s:3:8:3:Infinity":1,"f:8:4:8:16":1,"s:9:8:9:Infinity":2}}}
,"C:\\UofM\\01. Current Courses\\04. Soft Dev 2\\2452-idle\\src\\model\\axe.ts": {"path":"C:\\UofM\\01. Current Courses\\04. Soft Dev 2\\2452-idle\\src\\model\\axe.ts","statementMap":{"0":{"start":{"line":5,"column":21},"end":{"line":5,"column":null}},"1":{"start":{"line":11,"column":4},"end":{"line":11,"column":null}},"2":{"start":{"line":12,"column":4},"end":{"line":12,"column":null}},"3":{"start":{"line":16,"column":4},"end":{"line":16,"column":null}},"4":{"start":{"line":20,"column":4},"end":{"line":20,"column":null}},"5":{"start":{"line":23,"column":0},"end":{"line":23,"column":null}}},"fnMap":{"0":{"name":"(anonymous_0)","decl":{"start":{"line":7,"column":2},"end":{"line":7,"column":14}},"loc":{"start":{"line":10,"column":6},"end":{"line":13,"column":null}},"line":10},"1":{"name":"(anonymous_1)","decl":{"start":{"line":15,"column":12},"end":{"line":15,"column":24}},"loc":{"start":{"line":15,"column":24},"end":{"line":17,"column":null}},"line":15},"2":{"name":"(anonymous_2)","decl":{"start":{"line":19,"column":2},"end":{"line":19,"column":20}},"loc":{"start":{"line":19,"column":20},"end":{"line":21,"column":null}},"line":19}},"branchMap":{"0":{"loc":{"start":{"line":7,"column":45},"end":{"line":7,"column":64}},"type":"default-arg","locations":[{"start":{"line":7,"column":61},"end":{"line":7,"column":64}}],"line":7},"1":{"loc":{"start":{"line":7,"column":64},"end":{"line":7,"column":null}},"type":"default-arg","locations":[{"start":{"line":7,"column":83},"end":{"line":7,"column":null}}],"line":7},"2":{"loc":{"start":{"line":8,"column":12},"end":{"line":8,"column":42}},"type":"default-arg","locations":[{"start":{"line":8,"column":37},"end":{"line":8,"column":42}}],"line":8},"3":{"loc":{"start":{"line":8,"column":42},"end":{"line":8,"column":null}},"type":"default-arg","locations":[{"start":{"line":8,"column":63},"end":{"line":8,"column":null}}],"line":8}},"s":{"0":2,"1":29,"2":29,"3":58,"4":17,"5":2},"f":{"0":29,"1":58,"2":17},"b":{"0":[29],"1":[29],"2":[29],"3":[29]},"meta":{"lastBranch":4,"lastFunction":3,"lastStatement":6,"seen":{"s:5:21:5:Infinity":0,"f:7:2:7:14":0,"b:7:61:7:64":0,"b:7:83:7:Infinity":1,"b:8:37:8:42":2,"b:8:63:8:Infinity":3,"s:11:4:11:Infinity":1,"s:12:4:12:Infinity":2,"f:15:12:15:24":1,"s:16:4:16:Infinity":3,"f:19:2:19:20":2,"s:20:4:20:Infinity":4,"s:23:0:23:Infinity":5}}}
,"C:\\UofM\\01. Current Courses\\04. Soft Dev 2\\2452-idle\\src\\model\\beaver.ts": {"path":"C:\\UofM\\01. Current Courses\\04. Soft Dev 2\\2452-idle\\src\\model\\beaver.ts","statementMap":{"0":{"start":{"line":5,"column":21},"end":{"line":5,"column":null}},"1":{"start":{"line":11,"column":4},"end":{"line":11,"column":null}},"2":{"start":{"line":12,"column":4},"end":{"line":12,"column":null}},"3":{"start":{"line":16,"column":4},"end":{"line":16,"column":null}},"4":{"start":{"line":20,"column":4},"end":{"line":20,"column":null}},"5":{"start":{"line":23,"column":0},"end":{"line":23,"column":null}}},"fnMap":{"0":{"name":"(anonymous_0)","decl":{"start":{"line":7,"column":2},"end":{"line":7,"column":14}},"loc":{"start":{"line":10,"column":6},"end":{"line":13,"column":null}},"line":10},"1":{"name":"(anonymous_1)","decl":{"start":{"line":15,"column":12},"end":{"line":15,"column":24}},"loc":{"start":{"line":15,"column":24},"end":{"line":17,"column":null}},"line":15},"2":{"name":"(anonymous_2)","decl":{"start":{"line":19,"column":2},"end":{"line":19,"column":20}},"loc":{"start":{"line":19,"column":20},"end":{"line":21,"column":null}},"line":19}},"branchMap":{"0":{"loc":{"start":{"line":7,"column":45},"end":{"line":7,"column":64}},"type":"default-arg","locations":[{"start":{"line":7,"column":61},"end":{"line":7,"column":64}}],"line":7},"1":{"loc":{"start":{"line":7,"column":64},"end":{"line":7,"column":null}},"type":"default-arg","locations":[{"start":{"line":7,"column":83},"end":{"line":7,"column":null}}],"line":7},"2":{"loc":{"start":{"line":8,"column":12},"end":{"line":8,"column":42}},"type":"default-arg","locations":[{"start":{"line":8,"column":37},"end":{"line":8,"column":42}}],"line":8},"3":{"loc":{"start":{"line":8,"column":42},"end":{"line":8,"column":null}},"type":"default-arg","locations":[{"start":{"line":8,"column":63},"end":{"line":8,"column":null}}],"line":8},"4":{"loc":{"start":{"line":9,"column":12},"end":{"line":9,"column":null}},"type":"default-arg","locations":[{"start":{"line":9,"column":27},"end":{"line":9,"column":null}}],"line":9}},"s":{"0":1,"1":12,"2":12,"3":24,"4":14,"5":1},"f":{"0":12,"1":24,"2":14},"b":{"0":[12],"1":[12],"2":[12],"3":[12],"4":[12]},"meta":{"lastBranch":5,"lastFunction":3,"lastStatement":6,"seen":{"s:5:21:5:Infinity":0,"f:7:2:7:14":0,"b:7:61:7:64":0,"b:7:83:7:Infinity":1,"b:8:37:8:42":2,"b:8:63:8:Infinity":3,"b:9:27:9:Infinity":4,"s:11:4:11:Infinity":1,"s:12:4:12:Infinity":2,"f:15:12:15:24":1,"s:16:4:16:Infinity":3,"f:19:2:19:20":2,"s:20:4:20:Infinity":4,"s:23:0:23:Infinity":5}}}
,"C:\\UofM\\01. Current Courses\\04. Soft Dev 2\\2452-idle\\src\\model\\chainsaw.ts": {"path":"C:\\UofM\\01. Current Courses\\04. Soft Dev 2\\2452-idle\\src\\model\\chainsaw.ts","statementMap":{"0":{"start":{"line":5,"column":21},"end":{"line":5,"column":null}},"1":{"start":{"line":11,"column":4},"end":{"line":11,"column":null}},"2":{"start":{"line":12,"column":4},"end":{"line":12,"column":null}},"3":{"start":{"line":16,"column":4},"end":{"line":16,"column":null}},"4":{"start":{"line":20,"column":4},"end":{"line":20,"column":null}},"5":{"start":{"line":23,"column":0},"end":{"line":23,"column":null}}},"fnMap":{"0":{"name":"(anonymous_0)","decl":{"start":{"line":7,"column":2},"end":{"line":7,"column":14}},"loc":{"start":{"line":10,"column":6},"end":{"line":13,"column":null}},"line":10},"1":{"name":"(anonymous_1)","decl":{"start":{"line":15,"column":12},"end":{"line":15,"column":24}},"loc":{"start":{"line":15,"column":24},"end":{"line":17,"column":null}},"line":15},"2":{"name":"(anonymous_2)","decl":{"start":{"line":19,"column":2},"end":{"line":19,"column":20}},"loc":{"start":{"line":19,"column":20},"end":{"line":21,"column":null}},"line":19}},"branchMap":{"0":{"loc":{"start":{"line":7,"column":45},"end":{"line":7,"column":64}},"type":"default-arg","locations":[{"start":{"line":7,"column":61},"end":{"line":7,"column":64}}],"line":7},"1":{"loc":{"start":{"line":7,"column":64},"end":{"line":7,"column":null}},"type":"default-arg","locations":[{"start":{"line":7,"column":83},"end":{"line":7,"column":null}}],"line":7},"2":{"loc":{"start":{"line":8,"column":12},"end":{"line":8,"column":42}},"type":"default-arg","locations":[{"start":{"line":8,"column":37},"end":{"line":8,"column":42}}],"line":8},"3":{"loc":{"start":{"line":8,"column":42},"end":{"line":8,"column":null}},"type":"default-arg","locations":[{"start":{"line":8,"column":63},"end":{"line":8,"column":null}}],"line":8}},"s":{"0":1,"1":12,"2":12,"3":24,"4":15,"5":1},"f":{"0":12,"1":24,"2":15},"b":{"0":[12],"1":[12],"2":[12],"3":[12]},"meta":{"lastBranch":4,"lastFunction":3,"lastStatement":6,"seen":{"s:5:21:5:Infinity":0,"f:7:2:7:14":0,"b:7:61:7:64":0,"b:7:83:7:Infinity":1,"b:8:37:8:42":2,"b:8:63:8:Infinity":3,"s:11:4:11:Infinity":1,"s:12:4:12:Infinity":2,"f:15:12:15:24":1,"s:16:4:16:Infinity":3,"f:19:2:19:20":2,"s:20:4:20:Infinity":4,"s:23:0:23:Infinity":5}}}
,"C:\\UofM\\01. Current Courses\\04. Soft Dev 2\\2452-idle\\src\\model\\connection.ts": {"path":"C:\\UofM\\01. Current Courses\\04. Soft Dev 2\\2452-idle\\src\\model\\connection.ts","statementMap":{"0":{"start":{"line":7,"column":10},"end":{"line":7,"column":null}},"1":{"start":{"line":13,"column":17},"end":{"line":13,"column":null}},"2":{"start":{"line":16,"column":0},"end":{"line":18,"column":null}},"3":{"start":{"line":17,"column":4},"end":{"line":17,"column":null}},"4":{"start":{"line":21,"column":4},"end":{"line":21,"column":null}}},"fnMap":{"0":{"name":"db","decl":{"start":{"line":20,"column":24},"end":{"line":20,"column":29}},"loc":{"start":{"line":20,"column":29},"end":{"line":22,"column":null}},"line":20}},"branchMap":{"0":{"loc":{"start":{"line":16,"column":0},"end":{"line":18,"column":null}},"type":"if","locations":[{"start":{"line":16,"column":0},"end":{"line":18,"column":null}},{"start":{},"end":{}}],"line":16}},"s":{"0":2,"1":2,"2":2,"3":0,"4":73},"f":{"0":73},"b":{"0":[0,2]},"meta":{"lastBranch":1,"lastFunction":1,"lastStatement":5,"seen":{"s:7:10:7:Infinity":0,"s:13:17:13:Infinity":1,"b:16:0:18:Infinity:undefined:undefined:undefined:undefined":0,"s:16:0:18:Infinity":2,"s:17:4:17:Infinity":3,"f:20:24:20:29":0,"s:21:4:21:Infinity":4}}}
,"C:\\UofM\\01. Current Courses\\04. Soft Dev 2\\2452-idle\\src\\model\\godzilla.ts": {"path":"C:\\UofM\\01. Current Courses\\04. Soft Dev 2\\2452-idle\\src\\model\\godzilla.ts","statementMap":{"0":{"start":{"line":5,"column":21},"end":{"line":5,"column":null}},"1":{"start":{"line":11,"column":4},"end":{"line":11,"column":null}},"2":{"start":{"line":12,"column":4},"end":{"line":12,"column":null}},"3":{"start":{"line":16,"column":4},"end":{"line":16,"column":null}},"4":{"start":{"line":20,"column":4},"end":{"line":20,"column":null}},"5":{"start":{"line":23,"column":0},"end":{"line":23,"column":null}}},"fnMap":{"0":{"name":"(anonymous_0)","decl":{"start":{"line":7,"column":2},"end":{"line":7,"column":14}},"loc":{"start":{"line":10,"column":6},"end":{"line":13,"column":null}},"line":10},"1":{"name":"(anonymous_1)","decl":{"start":{"line":15,"column":12},"end":{"line":15,"column":24}},"loc":{"start":{"line":15,"column":24},"end":{"line":17,"column":null}},"line":15},"2":{"name":"(anonymous_2)","decl":{"start":{"line":19,"column":2},"end":{"line":19,"column":20}},"loc":{"start":{"line":19,"column":20},"end":{"line":21,"column":null}},"line":19}},"branchMap":{"0":{"loc":{"start":{"line":7,"column":45},"end":{"line":7,"column":64}},"type":"default-arg","locations":[{"start":{"line":7,"column":61},"end":{"line":7,"column":64}}],"line":7},"1":{"loc":{"start":{"line":7,"column":64},"end":{"line":7,"column":null}},"type":"default-arg","locations":[{"start":{"line":7,"column":83},"end":{"line":7,"column":null}}],"line":7},"2":{"loc":{"start":{"line":8,"column":12},"end":{"line":8,"column":42}},"type":"default-arg","locations":[{"start":{"line":8,"column":37},"end":{"line":8,"column":42}}],"line":8},"3":{"loc":{"start":{"line":8,"column":42},"end":{"line":8,"column":null}},"type":"default-arg","locations":[{"start":{"line":8,"column":63},"end":{"line":8,"column":null}}],"line":8},"4":{"loc":{"start":{"line":9,"column":12},"end":{"line":9,"column":null}},"type":"default-arg","locations":[{"start":{"line":9,"column":27},"end":{"line":9,"column":null}}],"line":9}},"s":{"0":1,"1":12,"2":12,"3":24,"4":14,"5":1},"f":{"0":12,"1":24,"2":14},"b":{"0":[12],"1":[12],"2":[12],"3":[12],"4":[12]},"meta":{"lastBranch":5,"lastFunction":3,"lastStatement":6,"seen":{"s:5:21:5:Infinity":0,"f:7:2:7:14":0,"b:7:61:7:64":0,"b:7:83:7:Infinity":1,"b:8:37:8:42":2,"b:8:63:8:Infinity":3,"b:9:27:9:Infinity":4,"s:11:4:11:Infinity":1,"s:12:4:12:Infinity":2,"f:15:12:15:24":1,"s:16:4:16:Infinity":3,"f:19:2:19:20":2,"s:20:4:20:Infinity":4,"s:23:0:23:Infinity":5}}}
,"C:\\UofM\\01. Current Courses\\04. Soft Dev 2\\2452-idle\\src\\model\\helicopter.ts": {"path":"C:\\UofM\\01. Current Courses\\04. Soft Dev 2\\2452-idle\\src\\model\\helicopter.ts","statementMap":{"0":{"start":{"line":5,"column":21},"end":{"line":5,"column":null}},"1":{"start":{"line":11,"column":4},"end":{"line":11,"column":null}},"2":{"start":{"line":12,"column":4},"end":{"line":12,"column":null}},"3":{"start":{"line":16,"column":4},"end":{"line":16,"column":null}},"4":{"start":{"line":20,"column":4},"end":{"line":20,"column":null}},"5":{"start":{"line":23,"column":0},"end":{"line":23,"column":null}}},"fnMap":{"0":{"name":"(anonymous_0)","decl":{"start":{"line":7,"column":2},"end":{"line":7,"column":14}},"loc":{"start":{"line":10,"column":6},"end":{"line":13,"column":null}},"line":10},"1":{"name":"(anonymous_1)","decl":{"start":{"line":15,"column":12},"end":{"line":15,"column":24}},"loc":{"start":{"line":15,"column":24},"end":{"line":17,"column":null}},"line":15},"2":{"name":"(anonymous_2)","decl":{"start":{"line":19,"column":2},"end":{"line":19,"column":20}},"loc":{"start":{"line":19,"column":20},"end":{"line":21,"column":null}},"line":19}},"branchMap":{"0":{"loc":{"start":{"line":7,"column":45},"end":{"line":7,"column":null}},"type":"default-arg","locations":[{"start":{"line":7,"column":64},"end":{"line":7,"column":null}}],"line":7},"1":{"loc":{"start":{"line":8,"column":12},"end":{"line":8,"column":42}},"type":"default-arg","locations":[{"start":{"line":8,"column":37},"end":{"line":8,"column":42}}],"line":8},"2":{"loc":{"start":{"line":8,"column":42},"end":{"line":8,"column":null}},"type":"default-arg","locations":[{"start":{"line":8,"column":63},"end":{"line":8,"column":null}}],"line":8},"3":{"loc":{"start":{"line":9,"column":12},"end":{"line":9,"column":null}},"type":"default-arg","locations":[{"start":{"line":9,"column":28},"end":{"line":9,"column":null}}],"line":9}},"s":{"0":1,"1":10,"2":10,"3":20,"4":14,"5":1},"f":{"0":10,"1":20,"2":14},"b":{"0":[10],"1":[10],"2":[10],"3":[10]},"meta":{"lastBranch":4,"lastFunction":3,"lastStatement":6,"seen":{"s:5:21:5:Infinity":0,"f:7:2:7:14":0,"b:7:64:7:Infinity":0,"b:8:37:8:42":1,"b:8:63:8:Infinity":2,"b:9:28:9:Infinity":3,"s:11:4:11:Infinity":1,"s:12:4:12:Infinity":2,"f:15:12:15:24":1,"s:16:4:16:Infinity":3,"f:19:2:19:20":2,"s:20:4:20:Infinity":4,"s:23:0:23:Infinity":5}}}
,"C:\\UofM\\01. Current Courses\\04. Soft Dev 2\\2452-idle\\src\\model\\item.ts": {"path":"C:\\UofM\\01. Current Courses\\04. Soft Dev 2\\2452-idle\\src\\model\\item.ts","statementMap":{"0":{"start":{"line":16,"column":23},"end":{"line":16,"column":null}},"1":{"start":{"line":17,"column":54},"end":{"line":17,"column":null}},"2":{"start":{"line":24,"column":8},"end":{"line":24,"column":null}},"3":{"start":{"line":25,"column":8},"end":{"line":25,"column":null}},"4":{"start":{"line":26,"column":8},"end":{"line":26,"column":null}},"5":{"start":{"line":27,"column":8},"end":{"line":27,"column":null}},"6":{"start":{"line":28,"column":8},"end":{"line":28,"column":null}},"7":{"start":{"line":29,"column":8},"end":{"line":29,"column":null}},"8":{"start":{"line":30,"column":8},"end":{"line":30,"column":null}},"9":{"start":{"line":32,"column":8},"end":{"line":32,"column":null}},"10":{"start":{"line":36,"column":8},"end":{"line":36,"column":null}},"11":{"start":{"line":37,"column":8},"end":{"line":37,"column":null}},"12":{"start":{"line":38,"column":8},"end":{"line":38,"column":null}},"13":{"start":{"line":39,"column":8},"end":{"line":39,"column":null}},"14":{"start":{"line":40,"column":8},"end":{"line":40,"column":null}},"15":{"start":{"line":41,"column":8},"end":{"line":41,"column":null}},"16":{"start":{"line":45,"column":8},"end":{"line":45,"column":null}},"17":{"start":{"line":48,"column":8},"end":{"line":48,"column":null}},"18":{"start":{"line":52,"column":8},"end":{"line":52,"column":null}},"19":{"start":{"line":56,"column":8},"end":{"line":56,"column":null}},"20":{"start":{"line":62,"column":8},"end":{"line":62,"column":null}},"21":{"start":{"line":66,"column":8},"end":{"line":66,"column":null}},"22":{"start":{"line":70,"column":8},"end":{"line":70,"column":null}},"23":{"start":{"line":76,"column":22},"end":{"line":89,"column":null}},"24":{"start":{"line":91,"column":23},"end":{"line":91,"column":null}},"25":{"start":{"line":93,"column":8},"end":{"line":97,"column":null}},"26":{"start":{"line":94,"column":23},"end":{"line":94,"column":null}},"27":{"start":{"line":95,"column":12},"end":{"line":95,"column":null}},"28":{"start":{"line":96,"column":12},"end":{"line":96,"column":null}},"29":{"start":{"line":99,"column":8},"end":{"line":99,"column":null}},"30":{"start":{"line":103,"column":21},"end":{"line":103,"column":null}},"31":{"start":{"line":105,"column":23},"end":{"line":108,"column":null}},"32":{"start":{"line":111,"column":8},"end":{"line":124,"column":null}},"33":{"start":{"line":113,"column":12},"end":{"line":116,"column":null}},"34":{"start":{"line":118,"column":12},"end":{"line":123,"column":null}}},"fnMap":{"0":{"name":"(anonymous_0)","decl":{"start":{"line":19,"column":4},"end":{"line":19,"column":16}},"loc":{"start":{"line":22,"column":14},"end":{"line":33,"column":null}},"line":22},"1":{"name":"(anonymous_1)","decl":{"start":{"line":35,"column":14},"end":{"line":35,"column":26}},"loc":{"start":{"line":35,"column":26},"end":{"line":42,"column":null}},"line":35},"2":{"name":"(anonymous_2)","decl":{"start":{"line":44,"column":11},"end":{"line":44,"column":28}},"loc":{"start":{"line":44,"column":51},"end":{"line":46,"column":null}},"line":44},"3":{"name":"(anonymous_3)","decl":{"start":{"line":47,"column":4},"end":{"line":47,"column":16}},"loc":{"start":{"line":47,"column":16},"end":{"line":49,"column":null}},"line":47},"4":{"name":"(anonymous_4)","decl":{"start":{"line":51,"column":4},"end":{"line":51,"column":23}},"loc":{"start":{"line":51,"column":23},"end":{"line":53,"column":null}},"line":51},"5":{"name":"(anonymous_5)","decl":{"start":{"line":55,"column":4},"end":{"line":55,"column":29}},"loc":{"start":{"line":55,"column":29},"end":{"line":58,"column":null}},"line":55},"6":{"name":"(anonymous_6)","decl":{"start":{"line":60,"column":4},"end":{"line":60,"column":22}},"loc":{"start":{"line":60,"column":22},"end":{"line":63,"column":null}},"line":60},"7":{"name":"(anonymous_7)","decl":{"start":{"line":65,"column":4},"end":{"line":65,"column":22}},"loc":{"start":{"line":65,"column":22},"end":{"line":67,"column":null}},"line":65},"8":{"name":"(anonymous_8)","decl":{"start":{"line":69,"column":4},"end":{"line":69,"column":22}},"loc":{"start":{"line":69,"column":22},"end":{"line":71,"column":null}},"line":69},"9":{"name":"(anonymous_9)","decl":{"start":{"line":74,"column":17},"end":{"line":74,"column":35}},"loc":{"start":{"line":74,"column":74},"end":{"line":100,"column":null}},"line":74},"10":{"name":"(anonymous_10)","decl":{"start":{"line":102,"column":17},"end":{"line":102,"column":26}},"loc":{"start":{"line":102,"column":69},"end":{"line":125,"column":null}},"line":102}},"branchMap":{"0":{"loc":{"start":{"line":19,"column":47},"end":{"line":19,"column":66}},"type":"default-arg","locations":[{"start":{"line":19,"column":63},"end":{"line":19,"column":66}}],"line":19},"1":{"loc":{"start":{"line":19,"column":66},"end":{"line":19,"column":null}},"type":"default-arg","locations":[{"start":{"line":19,"column":85},"end":{"line":19,"column":null}}],"line":19},"2":{"loc":{"start":{"line":20,"column":16},"end":{"line":20,"column":46}},"type":"default-arg","locations":[{"start":{"line":20,"column":41},"end":{"line":20,"column":46}}],"line":20},"3":{"loc":{"start":{"line":20,"column":46},"end":{"line":20,"column":null}},"type":"default-arg","locations":[{"start":{"line":20,"column":67},"end":{"line":20,"column":null}}],"line":20},"4":{"loc":{"start":{"line":21,"column":16},"end":{"line":21,"column":null}},"type":"default-arg","locations":[{"start":{"line":21,"column":31},"end":{"line":21,"column":null}}],"line":21},"5":{"loc":{"start":{"line":111,"column":8},"end":{"line":124,"column":null}},"type":"if","locations":[{"start":{"line":111,"column":8},"end":{"line":124,"column":null}},{"start":{"line":117,"column":15},"end":{"line":124,"column":null}}],"line":111}},"s":{"0":2,"1":2,"2":156,"3":156,"4":156,"5":156,"6":156,"7":156,"8":156,"9":156,"10":288,"11":288,"12":288,"13":288,"14":288,"15":288,"16":11,"17":82,"18":52,"19":23,"20":69,"21":101,"22":39,"23":15,"24":15,"25":15,"26":24,"27":24,"28":24,"29":15,"30":21,"31":21,"32":21,"33":10,"34":11},"f":{"0":156,"1":288,"2":2,"3":82,"4":52,"5":23,"6":69,"7":101,"8":39,"9":2,"10":2},"b":{"0":[156],"1":[156],"2":[156],"3":[156],"4":[156],"5":[10,11]},"meta":{"lastBranch":6,"lastFunction":11,"lastStatement":35,"seen":{"s:16:23:16:Infinity":0,"s:17:54:17:Infinity":1,"f:19:4:19:16":0,"b:19:63:19:66":0,"b:19:85:19:Infinity":1,"b:20:41:20:46":2,"b:20:67:20:Infinity":3,"b:21:31:21:Infinity":4,"s:24:8:24:Infinity":2,"s:25:8:25:Infinity":3,"s:26:8:26:Infinity":4,"s:27:8:27:Infinity":5,"s:28:8:28:Infinity":6,"s:29:8:29:Infinity":7,"s:30:8:30:Infinity":8,"s:32:8:32:Infinity":9,"f:35:14:35:26":1,"s:36:8:36:Infinity":10,"s:37:8:37:Infinity":11,"s:38:8:38:Infinity":12,"s:39:8:39:Infinity":13,"s:40:8:40:Infinity":14,"s:41:8:41:Infinity":15,"f:44:11:44:28":2,"s:45:8:45:Infinity":16,"f:47:4:47:16":3,"s:48:8:48:Infinity":17,"f:51:4:51:23":4,"s:52:8:52:Infinity":18,"f:55:4:55:29":5,"s:56:8:56:Infinity":19,"f:60:4:60:22":6,"s:62:8:62:Infinity":20,"f:65:4:65:22":7,"s:66:8:66:Infinity":21,"f:69:4:69:22":8,"s:70:8:70:Infinity":22,"f:74:17:74:35":9,"s:76:22:89:Infinity":23,"s:91:23:91:Infinity":24,"s:93:8:97:Infinity":25,"s:94:23:94:Infinity":26,"s:95:12:95:Infinity":27,"s:96:12:96:Infinity":28,"s:99:8:99:Infinity":29,"f:102:17:102:26":10,"s:103:21:103:Infinity":30,"s:105:23:108:Infinity":31,"b:111:8:124:Infinity:117:15:124:Infinity":5,"s:111:8:124:Infinity":32,"s:113:12:116:Infinity":33,"s:118:12:123:Infinity":34}}}
,"C:\\UofM\\01. Current Courses\\04. Soft Dev 2\\2452-idle\\src\\model\\lumberjack.ts": {"path":"C:\\UofM\\01. Current Courses\\04. Soft Dev 2\\2452-idle\\src\\model\\lumberjack.ts","statementMap":{"0":{"start":{"line":5,"column":21},"end":{"line":5,"column":null}},"1":{"start":{"line":11,"column":4},"end":{"line":11,"column":null}},"2":{"start":{"line":12,"column":4},"end":{"line":12,"column":null}},"3":{"start":{"line":16,"column":4},"end":{"line":16,"column":null}},"4":{"start":{"line":20,"column":4},"end":{"line":20,"column":null}},"5":{"start":{"line":23,"column":0},"end":{"line":23,"column":null}}},"fnMap":{"0":{"name":"(anonymous_0)","decl":{"start":{"line":7,"column":2},"end":{"line":7,"column":14}},"loc":{"start":{"line":10,"column":6},"end":{"line":13,"column":null}},"line":10},"1":{"name":"(anonymous_1)","decl":{"start":{"line":15,"column":12},"end":{"line":15,"column":24}},"loc":{"start":{"line":15,"column":24},"end":{"line":17,"column":null}},"line":15},"2":{"name":"(anonymous_2)","decl":{"start":{"line":19,"column":2},"end":{"line":19,"column":20}},"loc":{"start":{"line":19,"column":20},"end":{"line":21,"column":null}},"line":19}},"branchMap":{"0":{"loc":{"start":{"line":7,"column":45},"end":{"line":7,"column":64}},"type":"default-arg","locations":[{"start":{"line":7,"column":61},"end":{"line":7,"column":64}}],"line":7},"1":{"loc":{"start":{"line":7,"column":64},"end":{"line":7,"column":null}},"type":"default-arg","locations":[{"start":{"line":7,"column":83},"end":{"line":7,"column":null}}],"line":7},"2":{"loc":{"start":{"line":8,"column":12},"end":{"line":8,"column":42}},"type":"default-arg","locations":[{"start":{"line":8,"column":37},"end":{"line":8,"column":42}}],"line":8},"3":{"loc":{"start":{"line":8,"column":42},"end":{"line":8,"column":null}},"type":"default-arg","locations":[{"start":{"line":8,"column":63},"end":{"line":8,"column":null}}],"line":8},"4":{"loc":{"start":{"line":9,"column":12},"end":{"line":9,"column":null}},"type":"default-arg","locations":[{"start":{"line":9,"column":27},"end":{"line":9,"column":null}}],"line":9}},"s":{"0":1,"1":11,"2":11,"3":22,"4":14,"5":1},"f":{"0":11,"1":22,"2":14},"b":{"0":[11],"1":[11],"2":[11],"3":[11],"4":[11]},"meta":{"lastBranch":5,"lastFunction":3,"lastStatement":6,"seen":{"s:5:21:5:Infinity":0,"f:7:2:7:14":0,"b:7:61:7:64":0,"b:7:83:7:Infinity":1,"b:8:37:8:42":2,"b:8:63:8:Infinity":3,"b:9:27:9:Infinity":4,"s:11:4:11:Infinity":1,"s:12:4:12:Infinity":2,"f:15:12:15:24":1,"s:16:4:16:Infinity":3,"f:19:2:19:20":2,"s:20:4:20:Infinity":4,"s:23:0:23:Infinity":5}}}
,"C:\\UofM\\01. Current Courses\\04. Soft Dev 2\\2452-idle\\src\\model\\paulbunyan.ts": {"path":"C:\\UofM\\01. Current Courses\\04. Soft Dev 2\\2452-idle\\src\\model\\paulbunyan.ts","statementMap":{"0":{"start":{"line":5,"column":21},"end":{"line":5,"column":null}},"1":{"start":{"line":11,"column":4},"end":{"line":11,"column":null}},"2":{"start":{"line":12,"column":4},"end":{"line":12,"column":null}},"3":{"start":{"line":16,"column":4},"end":{"line":16,"column":null}},"4":{"start":{"line":20,"column":4},"end":{"line":20,"column":null}},"5":{"start":{"line":23,"column":0},"end":{"line":23,"column":null}}},"fnMap":{"0":{"name":"(anonymous_0)","decl":{"start":{"line":7,"column":2},"end":{"line":7,"column":14}},"loc":{"start":{"line":10,"column":6},"end":{"line":13,"column":null}},"line":10},"1":{"name":"(anonymous_1)","decl":{"start":{"line":15,"column":12},"end":{"line":15,"column":24}},"loc":{"start":{"line":15,"column":24},"end":{"line":17,"column":null}},"line":15},"2":{"name":"(anonymous_2)","decl":{"start":{"line":19,"column":2},"end":{"line":19,"column":20}},"loc":{"start":{"line":19,"column":20},"end":{"line":21,"column":null}},"line":19}},"branchMap":{"0":{"loc":{"start":{"line":7,"column":45},"end":{"line":7,"column":64}},"type":"default-arg","locations":[{"start":{"line":7,"column":61},"end":{"line":7,"column":64}}],"line":7},"1":{"loc":{"start":{"line":7,"column":64},"end":{"line":7,"column":null}},"type":"default-arg","locations":[{"start":{"line":7,"column":83},"end":{"line":7,"column":null}}],"line":7},"2":{"loc":{"start":{"line":8,"column":12},"end":{"line":8,"column":42}},"type":"default-arg","locations":[{"start":{"line":8,"column":37},"end":{"line":8,"column":42}}],"line":8},"3":{"loc":{"start":{"line":8,"column":42},"end":{"line":8,"column":null}},"type":"default-arg","locations":[{"start":{"line":8,"column":63},"end":{"line":8,"column":null}}],"line":8},"4":{"loc":{"start":{"line":9,"column":12},"end":{"line":9,"column":null}},"type":"default-arg","locations":[{"start":{"line":9,"column":27},"end":{"line":9,"column":null}}],"line":9}},"s":{"0":1,"1":11,"2":11,"3":22,"4":14,"5":1},"f":{"0":11,"1":22,"2":14},"b":{"0":[11],"1":[11],"2":[11],"3":[11],"4":[11]},"meta":{"lastBranch":5,"lastFunction":3,"lastStatement":6,"seen":{"s:5:21:5:Infinity":0,"f:7:2:7:14":0,"b:7:61:7:64":0,"b:7:83:7:Infinity":1,"b:8:37:8:42":2,"b:8:63:8:Infinity":3,"b:9:27:9:Infinity":4,"s:11:4:11:Infinity":1,"s:12:4:12:Infinity":2,"f:15:12:15:24":1,"s:16:4:16:Infinity":3,"f:19:2:19:20":2,"s:20:4:20:Infinity":4,"s:23:0:23:Infinity":5}}}
,"C:\\UofM\\01. Current Courses\\04. Soft Dev 2\\2452-idle\\src\\model\\player.ts": {"path":"C:\\UofM\\01. Current Courses\\04. Soft Dev 2\\2452-idle\\src\\model\\player.ts","statementMap":{"0":{"start":{"line":10,"column":32},"end":{"line":10,"column":null}},"1":{"start":{"line":12,"column":11},"end":{"line":12,"column":null}},"2":{"start":{"line":15,"column":17},"end":{"line":15,"column":null}},"3":{"start":{"line":20,"column":4},"end":{"line":20,"column":null}},"4":{"start":{"line":21,"column":4},"end":{"line":21,"column":null}},"5":{"start":{"line":23,"column":4},"end":{"line":23,"column":null}},"6":{"start":{"line":25,"column":4},"end":{"line":27,"column":null}},"7":{"start":{"line":26,"column":6},"end":{"line":26,"column":null}},"8":{"start":{"line":28,"column":4},"end":{"line":30,"column":null}},"9":{"start":{"line":29,"column":6},"end":{"line":29,"column":null}},"10":{"start":{"line":32,"column":4},"end":{"line":32,"column":null}},"11":{"start":{"line":36,"column":23},"end":{"line":36,"column":null}},"12":{"start":{"line":39,"column":18},"end":{"line":39,"column":null}},"13":{"start":{"line":41,"column":4},"end":{"line":46,"column":null}},"14":{"start":{"line":42,"column":19},"end":{"line":42,"column":null}},"15":{"start":{"line":43,"column":6},"end":{"line":43,"column":null}},"16":{"start":{"line":44,"column":6},"end":{"line":44,"column":null}},"17":{"start":{"line":45,"column":6},"end":{"line":45,"column":null}},"18":{"start":{"line":48,"column":4},"end":{"line":48,"column":null}},"19":{"start":{"line":54,"column":18},"end":{"line":59,"column":null}},"20":{"start":{"line":61,"column":16},"end":{"line":61,"column":null}},"21":{"start":{"line":62,"column":4},"end":{"line":64,"column":null}},"22":{"start":{"line":63,"column":6},"end":{"line":63,"column":null}},"23":{"start":{"line":67,"column":4},"end":{"line":67,"column":null}},"24":{"start":{"line":69,"column":4},"end":{"line":69,"column":null}},"25":{"start":{"line":73,"column":4},"end":{"line":73,"column":null}},"26":{"start":{"line":74,"column":4},"end":{"line":74,"column":null}},"27":{"start":{"line":78,"column":20},"end":{"line":81,"column":null}},"28":{"start":{"line":82,"column":4},"end":{"line":82,"column":null}},"29":{"start":{"line":86,"column":4},"end":{"line":86,"column":null}},"30":{"start":{"line":87,"column":4},"end":{"line":87,"column":null}},"31":{"start":{"line":88,"column":4},"end":{"line":88,"column":null}},"32":{"start":{"line":89,"column":4},"end":{"line":89,"column":null}},"33":{"start":{"line":90,"column":4},"end":{"line":90,"column":null}},"34":{"start":{"line":91,"column":4},"end":{"line":91,"column":null}},"35":{"start":{"line":92,"column":4},"end":{"line":94,"column":null}},"36":{"start":{"line":92,"column":24},"end":{"line":93,"column":null}},"37":{"start":{"line":100,"column":4},"end":{"line":100,"column":null}},"38":{"start":{"line":106,"column":4},"end":{"line":106,"column":null}},"39":{"start":{"line":110,"column":4},"end":{"line":110,"column":null}},"40":{"start":{"line":115,"column":4},"end":{"line":126,"column":null}},"41":{"start":{"line":116,"column":6},"end":{"line":116,"column":null}},"42":{"start":{"line":118,"column":6},"end":{"line":121,"column":null}},"43":{"start":{"line":120,"column":8},"end":{"line":120,"column":null}},"44":{"start":{"line":123,"column":6},"end":{"line":123,"column":null}},"45":{"start":{"line":125,"column":6},"end":{"line":125,"column":null}},"46":{"start":{"line":129,"column":4},"end":{"line":129,"column":null}},"47":{"start":{"line":133,"column":4},"end":{"line":133,"column":null}},"48":{"start":{"line":133,"column":42},"end":{"line":133,"column":52}},"49":{"start":{"line":135,"column":4},"end":{"line":135,"column":null}},"50":{"start":{"line":139,"column":4},"end":{"line":139,"column":null}},"51":{"start":{"line":140,"column":4},"end":{"line":140,"column":null}},"52":{"start":{"line":142,"column":4},"end":{"line":142,"column":null}},"53":{"start":{"line":146,"column":4},"end":{"line":146,"column":null}},"54":{"start":{"line":150,"column":4},"end":{"line":150,"column":null}},"55":{"start":{"line":154,"column":4},"end":{"line":154,"column":null}},"56":{"start":{"line":158,"column":4},"end":{"line":158,"column":null}},"57":{"start":{"line":162,"column":4},"end":{"line":162,"column":null}},"58":{"start":{"line":167,"column":4},"end":{"line":168,"column":null}},"59":{"start":{"line":168,"column":29},"end":{"line":168,"column":39}}},"fnMap":{"0":{"name":"(anonymous_0)","decl":{"start":{"line":19,"column":2},"end":{"line":19,"column":14}},"loc":{"start":{"line":19,"column":72},"end":{"line":33,"column":null}},"line":19},"1":{"name":"(anonymous_1)","decl":{"start":{"line":35,"column":15},"end":{"line":35,"column":56}},"loc":{"start":{"line":35,"column":56},"end":{"line":49,"column":null}},"line":35},"2":{"name":"(anonymous_2)","decl":{"start":{"line":52,"column":15},"end":{"line":52,"column":26}},"loc":{"start":{"line":52,"column":59},"end":{"line":70,"column":null}},"line":52},"3":{"name":"(anonymous_3)","decl":{"start":{"line":72,"column":2},"end":{"line":72,"column":8}},"loc":{"start":{"line":72,"column":19},"end":{"line":75,"column":null}},"line":72},"4":{"name":"(anonymous_4)","decl":{"start":{"line":77,"column":15},"end":{"line":77,"column":28}},"loc":{"start":{"line":77,"column":60},"end":{"line":83,"column":null}},"line":77},"5":{"name":"(anonymous_5)","decl":{"start":{"line":85,"column":2},"end":{"line":85,"column":17}},"loc":{"start":{"line":85,"column":17},"end":{"line":95,"column":null}},"line":85},"6":{"name":"(anonymous_6)","decl":{"start":{"line":92,"column":24},"end":{"line":92,"column":null}},"loc":{"start":{"line":92,"column":24},"end":{"line":93,"column":null}},"line":92},"7":{"name":"(anonymous_7)","decl":{"start":{"line":98,"column":2},"end":{"line":98,"column":19}},"loc":{"start":{"line":98,"column":39},"end":{"line":103,"column":null}},"line":98},"8":{"name":"(anonymous_8)","decl":{"start":{"line":105,"column":2},"end":{"line":105,"column":24}},"loc":{"start":{"line":105,"column":24},"end":{"line":107,"column":null}},"line":105},"9":{"name":"(anonymous_9)","decl":{"start":{"line":109,"column":2},"end":{"line":109,"column":20}},"loc":{"start":{"line":109,"column":20},"end":{"line":111,"column":null}},"line":109},"10":{"name":"(anonymous_10)","decl":{"start":{"line":113,"column":2},"end":{"line":113,"column":19}},"loc":{"start":{"line":113,"column":31},"end":{"line":130,"column":null}},"line":113},"11":{"name":"(anonymous_11)","decl":{"start":{"line":132,"column":2},"end":{"line":132,"column":13}},"loc":{"start":{"line":132,"column":25},"end":{"line":136,"column":null}},"line":132},"12":{"name":"(anonymous_12)","decl":{"start":{"line":133,"column":37},"end":{"line":133,"column":42}},"loc":{"start":{"line":133,"column":42},"end":{"line":133,"column":52}},"line":133},"13":{"name":"(anonymous_13)","decl":{"start":{"line":138,"column":2},"end":{"line":138,"column":20}},"loc":{"start":{"line":138,"column":34},"end":{"line":143,"column":null}},"line":138},"14":{"name":"(anonymous_14)","decl":{"start":{"line":145,"column":2},"end":{"line":145,"column":19}},"loc":{"start":{"line":145,"column":37},"end":{"line":147,"column":null}},"line":145},"15":{"name":"(anonymous_15)","decl":{"start":{"line":149,"column":2},"end":{"line":149,"column":13}},"loc":{"start":{"line":149,"column":13},"end":{"line":151,"column":null}},"line":149},"16":{"name":"(anonymous_16)","decl":{"start":{"line":153,"column":2},"end":{"line":153,"column":13}},"loc":{"start":{"line":153,"column":13},"end":{"line":155,"column":null}},"line":153},"17":{"name":"(anonymous_17)","decl":{"start":{"line":157,"column":2},"end":{"line":157,"column":12}},"loc":{"start":{"line":157,"column":12},"end":{"line":159,"column":null}},"line":157},"18":{"name":"(anonymous_18)","decl":{"start":{"line":161,"column":2},"end":{"line":161,"column":11}},"loc":{"start":{"line":161,"column":31},"end":{"line":163,"column":null}},"line":161},"19":{"name":"(anonymous_19)","decl":{"start":{"line":166,"column":2},"end":{"line":166,"column":15}},"loc":{"start":{"line":166,"column":15},"end":{"line":169,"column":null}},"line":166},"20":{"name":"(anonymous_20)","decl":{"start":{"line":168,"column":13},"end":{"line":168,"column":14}},"loc":{"start":{"line":168,"column":29},"end":{"line":168,"column":39}},"line":168}},"branchMap":{"0":{"loc":{"start":{"line":23,"column":18},"end":{"line":23,"column":null}},"type":"binary-expr","locations":[{"start":{"line":23,"column":18},"end":{"line":23,"column":27}},{"start":{"line":23,"column":27},"end":{"line":23,"column":null}}],"line":23},"1":{"loc":{"start":{"line":25,"column":4},"end":{"line":27,"column":null}},"type":"if","locations":[{"start":{"line":25,"column":4},"end":{"line":27,"column":null}},{"start":{},"end":{}}],"line":25},"2":{"loc":{"start":{"line":28,"column":4},"end":{"line":30,"column":null}},"type":"if","locations":[{"start":{"line":28,"column":4},"end":{"line":30,"column":null}},{"start":{},"end":{}}],"line":28},"3":{"loc":{"start":{"line":115,"column":4},"end":{"line":126,"column":null}},"type":"if","locations":[{"start":{"line":115,"column":4},"end":{"line":126,"column":null}},{"start":{},"end":{}}],"line":115},"4":{"loc":{"start":{"line":118,"column":6},"end":{"line":121,"column":null}},"type":"if","locations":[{"start":{"line":118,"column":6},"end":{"line":121,"column":null}},{"start":{},"end":{}}],"line":118}},"s":{"0":112,"1":112,"2":112,"3":112,"4":112,"5":112,"6":112,"7":1,"8":111,"9":0,"10":111,"11":3,"12":3,"13":3,"14":12,"15":12,"16":12,"17":12,"18":3,"19":9,"20":9,"21":9,"22":0,"23":9,"24":9,"25":9,"26":9,"27":2,"28":2,"29":138,"30":138,"31":138,"32":138,"33":138,"34":138,"35":138,"36":1,"37":5,"38":0,"39":9,"40":10,"41":6,"42":6,"43":6,"44":6,"45":6,"46":10,"47":3,"48":4,"49":3,"50":18,"51":18,"52":18,"53":2,"54":12,"55":4,"56":60,"57":0,"58":27,"59":5},"f":{"0":112,"1":2,"2":2,"3":9,"4":2,"5":138,"6":1,"7":5,"8":0,"9":9,"10":10,"11":3,"12":4,"13":18,"14":2,"15":12,"16":4,"17":60,"18":0,"19":27,"20":5},"b":{"0":[112,112],"1":[1,111],"2":[0,111],"3":[6,4],"4":[6,0]},"meta":{"lastBranch":5,"lastFunction":21,"lastStatement":60,"seen":{"s:10:32:10:Infinity":0,"s:12:11:12:Infinity":1,"s:15:17:15:Infinity":2,"f:19:2:19:14":0,"s:20:4:20:Infinity":3,"s:21:4:21:Infinity":4,"s:23:4:23:Infinity":5,"b:23:18:23:27:23:27:23:Infinity":0,"b:25:4:27:Infinity:undefined:undefined:undefined:undefined":1,"s:25:4:27:Infinity":6,"s:26:6:26:Infinity":7,"b:28:4:30:Infinity:undefined:undefined:undefined:undefined":2,"s:28:4:30:Infinity":8,"s:29:6:29:Infinity":9,"s:32:4:32:Infinity":10,"f:35:15:35:56":1,"s:36:23:36:Infinity":11,"s:39:18:39:Infinity":12,"s:41:4:46:Infinity":13,"s:42:19:42:Infinity":14,"s:43:6:43:Infinity":15,"s:44:6:44:Infinity":16,"s:45:6:45:Infinity":17,"s:48:4:48:Infinity":18,"f:52:15:52:26":2,"s:54:18:59:Infinity":19,"s:61:16:61:Infinity":20,"s:62:4:64:Infinity":21,"s:63:6:63:Infinity":22,"s:67:4:67:Infinity":23,"s:69:4:69:Infinity":24,"f:72:2:72:8":3,"s:73:4:73:Infinity":25,"s:74:4:74:Infinity":26,"f:77:15:77:28":4,"s:78:20:81:Infinity":27,"s:82:4:82:Infinity":28,"f:85:2:85:17":5,"s:86:4:86:Infinity":29,"s:87:4:87:Infinity":30,"s:88:4:88:Infinity":31,"s:89:4:89:Infinity":32,"s:90:4:90:Infinity":33,"s:91:4:91:Infinity":34,"s:92:4:94:Infinity":35,"f:92:24:92:Infinity":6,"s:92:24:93:Infinity":36,"f:98:2:98:19":7,"s:100:4:100:Infinity":37,"f:105:2:105:24":8,"s:106:4:106:Infinity":38,"f:109:2:109:20":9,"s:110:4:110:Infinity":39,"f:113:2:113:19":10,"b:115:4:126:Infinity:undefined:undefined:undefined:undefined":3,"s:115:4:126:Infinity":40,"s:116:6:116:Infinity":41,"b:118:6:121:Infinity:undefined:undefined:undefined:undefined":4,"s:118:6:121:Infinity":42,"s:120:8:120:Infinity":43,"s:123:6:123:Infinity":44,"s:125:6:125:Infinity":45,"s:129:4:129:Infinity":46,"f:132:2:132:13":11,"s:133:4:133:Infinity":47,"f:133:37:133:42":12,"s:133:42:133:52":48,"s:135:4:135:Infinity":49,"f:138:2:138:20":13,"s:139:4:139:Infinity":50,"s:140:4:140:Infinity":51,"s:142:4:142:Infinity":52,"f:145:2:145:19":14,"s:146:4:146:Infinity":53,"f:149:2:149:13":15,"s:150:4:150:Infinity":54,"f:153:2:153:13":16,"s:154:4:154:Infinity":55,"f:157:2:157:12":17,"s:158:4:158:Infinity":56,"f:161:2:161:11":18,"s:162:4:162:Infinity":57,"f:166:2:166:15":19,"s:167:4:168:Infinity":58,"f:168:13:168:14":20,"s:168:29:168:39":59}}}
,"C:\\UofM\\01. Current Courses\\04. Soft Dev 2\\2452-idle\\src\\model\\ponsse.ts": {"path":"C:\\UofM\\01. Current Courses\\04. Soft Dev 2\\2452-idle\\src\\model\\ponsse.ts","statementMap":{"0":{"start":{"line":5,"column":21},"end":{"line":5,"column":null}},"1":{"start":{"line":11,"column":4},"end":{"line":11,"column":null}},"2":{"start":{"line":12,"column":4},"end":{"line":12,"column":null}},"3":{"start":{"line":16,"column":4},"end":{"line":16,"column":null}},"4":{"start":{"line":20,"column":4},"end":{"line":20,"column":null}},"5":{"start":{"line":23,"column":0},"end":{"line":23,"column":null}}},"fnMap":{"0":{"name":"(anonymous_0)","decl":{"start":{"line":7,"column":2},"end":{"line":7,"column":14}},"loc":{"start":{"line":10,"column":6},"end":{"line":13,"column":null}},"line":10},"1":{"name":"(anonymous_1)","decl":{"start":{"line":15,"column":12},"end":{"line":15,"column":24}},"loc":{"start":{"line":15,"column":24},"end":{"line":17,"column":null}},"line":15},"2":{"name":"(anonymous_2)","decl":{"start":{"line":19,"column":2},"end":{"line":19,"column":20}},"loc":{"start":{"line":19,"column":20},"end":{"line":21,"column":null}},"line":19}},"branchMap":{"0":{"loc":{"start":{"line":7,"column":45},"end":{"line":7,"column":64}},"type":"default-arg","locations":[{"start":{"line":7,"column":61},"end":{"line":7,"column":64}}],"line":7},"1":{"loc":{"start":{"line":7,"column":64},"end":{"line":7,"column":null}},"type":"default-arg","locations":[{"start":{"line":7,"column":83},"end":{"line":7,"column":null}}],"line":7},"2":{"loc":{"start":{"line":8,"column":12},"end":{"line":8,"column":42}},"type":"default-arg","locations":[{"start":{"line":8,"column":37},"end":{"line":8,"column":42}}],"line":8},"3":{"loc":{"start":{"line":8,"column":42},"end":{"line":8,"column":null}},"type":"default-arg","locations":[{"start":{"line":8,"column":63},"end":{"line":8,"column":null}}],"line":8}},"s":{"0":1,"1":10,"2":10,"3":20,"4":14,"5":1},"f":{"0":10,"1":20,"2":14},"b":{"0":[10],"1":[10],"2":[10],"3":[10]},"meta":{"lastBranch":4,"lastFunction":3,"lastStatement":6,"seen":{"s:5:21:5:Infinity":0,"f:7:2:7:14":0,"b:7:61:7:64":0,"b:7:83:7:Infinity":1,"b:8:37:8:42":2,"b:8:63:8:Infinity":3,"s:11:4:11:Infinity":1,"s:12:4:12:Infinity":2,"f:15:12:15:24":1,"s:16:4:16:Infinity":3,"f:19:2:19:20":2,"s:20:4:20:Infinity":4,"s:23:0:23:Infinity":5}}}
,"C:\\UofM\\01. Current Courses\\04. Soft Dev 2\\2452-idle\\src\\model\\twomansaw.ts": {"path":"C:\\UofM\\01. Current Courses\\04. Soft Dev 2\\2452-idle\\src\\model\\twomansaw.ts","statementMap":{"0":{"start":{"line":5,"column":21},"end":{"line":5,"column":null}},"1":{"start":{"line":10,"column":4},"end":{"line":10,"column":null}},"2":{"start":{"line":11,"column":4},"end":{"line":11,"column":null}},"3":{"start":{"line":15,"column":4},"end":{"line":15,"column":null}},"4":{"start":{"line":19,"column":4},"end":{"line":19,"column":null}},"5":{"start":{"line":22,"column":0},"end":{"line":22,"column":null}}},"fnMap":{"0":{"name":"(anonymous_0)","decl":{"start":{"line":7,"column":2},"end":{"line":7,"column":14}},"loc":{"start":{"line":9,"column":6},"end":{"line":12,"column":null}},"line":9},"1":{"name":"(anonymous_1)","decl":{"start":{"line":14,"column":12},"end":{"line":14,"column":24}},"loc":{"start":{"line":14,"column":24},"end":{"line":16,"column":null}},"line":14},"2":{"name":"(anonymous_2)","decl":{"start":{"line":18,"column":2},"end":{"line":18,"column":20}},"loc":{"start":{"line":18,"column":20},"end":{"line":20,"column":null}},"line":18}},"branchMap":{"0":{"loc":{"start":{"line":7,"column":45},"end":{"line":7,"column":64}},"type":"default-arg","locations":[{"start":{"line":7,"column":61},"end":{"line":7,"column":64}}],"line":7},"1":{"loc":{"start":{"line":7,"column":64},"end":{"line":7,"column":null}},"type":"default-arg","locations":[{"start":{"line":7,"column":83},"end":{"line":7,"column":null}}],"line":7},"2":{"loc":{"start":{"line":8,"column":12},"end":{"line":8,"column":42}},"type":"default-arg","locations":[{"start":{"line":8,"column":37},"end":{"line":8,"column":42}}],"line":8},"3":{"loc":{"start":{"line":8,"column":42},"end":{"line":8,"column":null}},"type":"default-arg","locations":[{"start":{"line":8,"column":63},"end":{"line":8,"column":null}}],"line":8}},"s":{"0":1,"1":13,"2":13,"3":26,"4":15,"5":1},"f":{"0":13,"1":26,"2":15},"b":{"0":[13],"1":[13],"2":[13],"3":[13]},"meta":{"lastBranch":4,"lastFunction":3,"lastStatement":6,"seen":{"s:5:21:5:Infinity":0,"f:7:2:7:14":0,"b:7:61:7:64":0,"b:7:83:7:Infinity":1,"b:8:37:8:42":2,"b:8:63:8:Infinity":3,"s:10:4:10:Infinity":1,"s:11:4:11:Infinity":2,"f:14:12:14:24":1,"s:15:4:15:Infinity":3,"f:18:2:18:20":2,"s:19:4:19:Infinity":4,"s:22:0:22:Infinity":5}}}
,"C:\\UofM\\01. Current Courses\\04. Soft Dev 2\\2452-idle\\src\\model\\woodpecker.ts": {"path":"C:\\UofM\\01. Current Courses\\04. Soft Dev 2\\2452-idle\\src\\model\\woodpecker.ts","statementMap":{"0":{"start":{"line":5,"column":21},"end":{"line":5,"column":null}},"1":{"start":{"line":11,"column":4},"end":{"line":11,"column":null}},"2":{"start":{"line":12,"column":4},"end":{"line":12,"column":null}},"3":{"start":{"line":16,"column":4},"end":{"line":16,"column":null}},"4":{"start":{"line":20,"column":4},"end":{"line":20,"column":null}},"5":{"start":{"line":23,"column":0},"end":{"line":23,"column":null}}},"fnMap":{"0":{"name":"(anonymous_0)","decl":{"start":{"line":7,"column":2},"end":{"line":7,"column":14}},"loc":{"start":{"line":10,"column":6},"end":{"line":13,"column":null}},"line":10},"1":{"name":"(anonymous_1)","decl":{"start":{"line":15,"column":12},"end":{"line":15,"column":24}},"loc":{"start":{"line":15,"column":24},"end":{"line":17,"column":null}},"line":15},"2":{"name":"(anonymous_2)","decl":{"start":{"line":19,"column":2},"end":{"line":19,"column":20}},"loc":{"start":{"line":19,"column":20},"end":{"line":21,"column":null}},"line":19}},"branchMap":{"0":{"loc":{"start":{"line":7,"column":45},"end":{"line":7,"column":64}},"type":"default-arg","locations":[{"start":{"line":7,"column":61},"end":{"line":7,"column":64}}],"line":7},"1":{"loc":{"start":{"line":7,"column":64},"end":{"line":7,"column":null}},"type":"default-arg","locations":[{"start":{"line":7,"column":83},"end":{"line":7,"column":null}}],"line":7},"2":{"loc":{"start":{"line":8,"column":12},"end":{"line":8,"column":42}},"type":"default-arg","locations":[{"start":{"line":8,"column":37},"end":{"line":8,"column":42}}],"line":8},"3":{"loc":{"start":{"line":8,"column":42},"end":{"line":8,"column":null}},"type":"default-arg","locations":[{"start":{"line":8,"column":63},"end":{"line":8,"column":null}}],"line":8},"4":{"loc":{"start":{"line":9,"column":12},"end":{"line":9,"column":null}},"type":"default-arg","locations":[{"start":{"line":9,"column":27},"end":{"line":9,"column":null}}],"line":9}},"s":{"0":1,"1":12,"2":12,"3":24,"4":14,"5":1},"f":{"0":12,"1":24,"2":14},"b":{"0":[12],"1":[12],"2":[12],"3":[12],"4":[12]},"meta":{"lastBranch":5,"lastFunction":3,"lastStatement":6,"seen":{"s:5:21:5:Infinity":0,"f:7:2:7:14":0,"b:7:61:7:64":0,"b:7:83:7:Infinity":1,"b:8:37:8:42":2,"b:8:63:8:Infinity":3,"b:9:27:9:Infinity":4,"s:11:4:11:Infinity":1,"s:12:4:12:Infinity":2,"f:15:12:15:24":1,"s:16:4:16:Infinity":3,"f:19:2:19:20":2,"s:20:4:20:Infinity":4,"s:23:0:23:Infinity":5}}}
}
